The munging of 2 summary statistics started at 2021-04-11 12:21:08
Reading summary statistics for mdd_withRS.txt bipolar.txt . Please note that this step usually takes a few minutes due to the size of summary statistic files.
Reading in reference file
All files loaded into R!
     
     
Munging file: mdd_withRS.txt
Interpreting the SNP column as the SNP column.
Interpreting the A1 column as the A1 column.
Interpreting the A2 column as the A2 column.
Interpreting the OR column as the effect column.
Interpreting the INFO column as the INFO column.
Interpreting the P column as the P column.
Merging file: mdd_withRS.txt with the reference file: w_hm3.noMHC.snplist
10000 rows present in the full mdd_withRS.txt summary statistics file.
7074 rows were removed from the mdd_withRS.txt summary statistics file as the rs-ids for these rows were not present in the reference file.
The effect column was determined to be coded as an odds ratio (OR) for the mdd_withRS.txt summary statistics file. Please ensure this is correct.
0 rows were removed from the mdd_withRS.txt summary statistics file due to INFO values below the designated threshold of 0.9
No MAF column, cannot filter on MAF, which may influence results
2926 SNPs are left in the summary statistics file mdd_withRS.txt after QC.
I am done munging file: mdd_withRS.txt
The file is saved as mdd.sumstats.gz in the current working directory.
     
     
Munging file: bipolar.txt
Interpreting the SNP column as the SNP column.
Interpreting the A1 column as the A1 column.
Interpreting the A2 column as the A2 column.
Interpreting the OR column as the effect column.
Interpreting the INFO column as the INFO column.
Interpreting the PVAL column as the P column.
Merging file: bipolar.txt with the reference file: w_hm3.noMHC.snplist
108834 rows present in the full bipolar.txt summary statistics file.
42758 rows were removed from the bipolar.txt summary statistics file as the rs-ids for these rows were not present in the reference file.
The effect column was determined to be coded as an odds ratio (OR) for the bipolar.txt summary statistics file. Please ensure this is correct.
6 row(s) were removed from the bipolar.txt summary statistics file due to the effect allele (A1) column not matching A1 or A2 in the reference file.
0 rows were removed from the bipolar.txt summary statistics file due to INFO values below the designated threshold of 0.9
No MAF column, cannot filter on MAF, which may influence results
66070 SNPs are left in the summary statistics file bipolar.txt after QC.
I am done munging file: bipolar.txt
The file is saved as bipolar.sumstats.gz in the current working directory.
     
Munging was completed at 2021-04-11 12:21:10
The munging of all files took 0 minutes and 2.4153368473053 seconds
Please check the log file mdd_bipolar_munge.log to ensure that all columns were interpreted correctly and no warnings were issued for any of the summary statistics files
