The munging of 1 summary statistics started at 2021-04-17 22:07:38
Reading summary statistics for ./mdd . Please note that this step usually takes a few minutes due to the size of summary statistic files.
Reading in reference file
All files loaded into R!
     
     
Munging file: ./mdd
Interpreting the SNP column as the SNP column.
Interpreting the A1 column as the A1 column.
Interpreting the A2 column as the A2 column.
Interpreting the OR column as the effect column.
Interpreting the INFO column as the INFO column.
Interpreting the P column as the P column.
Merging file: ./mdd with the reference file: ./w_hm3.noMHC.snplist
10000 rows present in the full ./mdd summary statistics file.
7074 rows were removed from the ./mdd summary statistics file as the rs-ids for these rows were not present in the reference file.
The effect column was determined to be coded as an odds ratio (OR) for the ./mdd summary statistics file. Please ensure this is correct.
0 rows were removed from the ./mdd summary statistics file due to INFO values below the designated threshold of 0.9
No MAF column, cannot filter on MAF, which may influence results
2926 SNPs are left in the summary statistics file ./mdd after QC.
I am done munging file: ./mdd
The file is saved as mdd.sumstats.gz in the current working directory.
     
Munging was completed at 2021-04-17 22:07:38
The munging of all files took 0 minutes and 0.707072973251343 seconds
Please check the log file mdd_munge.log to ensure that all columns were interpreted correctly and no warnings were issued for any of the summary statistics files
